<?xml version="1.0" encoding="UTF-8"?>
<!-- Generated by org.testng.reporters.JUnitXMLReporter -->
<testsuite ignored="12" hostname="Arun" failures="0" tests="18" name="Test" time="10.965" errors="0" timestamp="2025-08-11T14:00:28 IST">
  <testcase classname="greenCart.Header" name="headerLink_Flashlink" time="1.03"/>
  <testcase classname="greenCart.Header" name="headerLink_FlightBooking" time="0.593"/>
  <testcase classname="greenCart.Header" name="logo" time="0.069"/>
  <testcase classname="greenCart.Header" name="search" time="0.406"/>
  <testcase classname="greenCart.Header" name="headerLink_TopDeals" time="0.612"/>
  <testcase classname="greenCart.Header" name="toCheckout" time="0.352"/>
  <testcase classname="greenCart.Footer" name="footerText" time="0.038"/>
  <testcase classname="greenCart.Footer" name="footerText_Comparasion" time="0.002"/>
  <testcase classname="greenCart.Footer" name="footerText_Comparasion" time="0.002"/>
  <testcase classname="greenCart.Footer" name="footerText_Comparasion" time="0.001"/>
  <testcase classname="greenCart.Footer" name="footerText_Comparasion" time="0.002"/>
  <testcase classname="greenCart.CheckoutPage" name="promoCode" time="5.805"/>
  <testcase classname="greenCart.CheckoutPage" name="promoCode" time="0.617"/>
  <testcase classname="greenCart.CheckoutPage" name="checkoutAction" time="0.166"/>
  <testcase classname="greenCart.OrderReview" name="agreeCheckbox" time="0.125"/>
  <testcase classname="greenCart.OrderReview" name="countrySelection" time="0.165"/>
  <testcase classname="greenCart.OrderReview" name="proceedToOrder" time="0.112"/>
  <testcase classname="greenCart.OrderReview" name="orderSucessMsg" time="0.042"/>
  <testcase classname="greenCart.BaseClass" name="@BeforeSuite browserInvoke" time="0.0">
    <ignored/>
  </testcase> <!-- @BeforeSuite browserInvoke -->
  <testcase classname="greenCart.BaseClass" name="@BeforeSuite browserInvoke" time="0.0">
    <ignored/>
  </testcase> <!-- @BeforeSuite browserInvoke -->
  <testcase classname="greenCart.BaseClass" name="@BeforeTest url" time="0.0">
    <ignored/>
  </testcase> <!-- @BeforeTest url -->
  <testcase classname="greenCart.BaseClass" name="@AfterSuite browserExit" time="0.0">
    <ignored/>
  </testcase> <!-- @AfterSuite browserExit -->
  <testcase classname="greenCart.BaseClass" name="@BeforeSuite browserInvoke" time="0.0">
    <ignored/>
  </testcase> <!-- @BeforeSuite browserInvoke -->
  <testcase classname="greenCart.BaseClass" name="@BeforeTest url" time="0.0">
    <ignored/>
  </testcase> <!-- @BeforeTest url -->
  <testcase classname="greenCart.BaseClass" name="@AfterSuite browserExit" time="0.0">
    <ignored/>
  </testcase> <!-- @AfterSuite browserExit -->
  <testcase classname="greenCart.BaseClass" name="@BeforeSuite browserInvoke" time="0.0">
    <ignored/>
  </testcase> <!-- @BeforeSuite browserInvoke -->
  <testcase classname="greenCart.BaseClass" name="@BeforeTest url" time="0.0">
    <ignored/>
  </testcase> <!-- @BeforeTest url -->
  <testcase classname="greenCart.BaseClass" name="@AfterSuite browserExit" time="0.0">
    <ignored/>
  </testcase> <!-- @AfterSuite browserExit -->
  <testcase classname="greenCart.BaseClass" name="@AfterSuite browserExit" time="0.0">
    <ignored/>
  </testcase> <!-- @AfterSuite browserExit -->
  <testcase classname="greenCart.BaseClass" name="@BeforeTest url" time="0.0">
    <ignored/>
  </testcase> <!-- @BeforeTest url -->
</testsuite> <!-- Test -->
