<?xml version="1.0" encoding="UTF-8"?>
<!-- Generated by org.testng.reporters.JUnitXMLReporter -->
<testsuite ignored="6" hostname="Arun" failures="0" tests="11" name="Test" time="3.016" errors="0" timestamp="2025-08-10T23:07:58 IST">
  <testcase classname="greenCart.GreenCart_Header" name="cart" time="0.005"/>
  <testcase classname="greenCart.GreenCart_Header" name="logo" time="0.033"/>
  <testcase classname="greenCart.GreenCart_Header" name="search" time="0.308"/>
  <testcase classname="greenCart.GreenCart_Header" name="headerLink_Flashlink" time="1.012"/>
  <testcase classname="greenCart.GreenCart_Header" name="headerLink_FlightBooking" time="0.547"/>
  <testcase classname="greenCart.GreenCart_Header" name="headerLink_TopDeals" time="0.363"/>
  <testcase classname="greenCart.Footer" name="footerText" time="0.112"/>
  <testcase classname="greenCart.Footer" name="footerText_Comparasion" time="0.0"/>
  <testcase classname="greenCart.Footer" name="footerText_Comparasion" time="0.003"/>
  <testcase classname="greenCart.Footer" name="footerText_Comparasion" time="0.002"/>
  <testcase classname="greenCart.Footer" name="footerText_Comparasion" time="0.002"/>
  <testcase classname="greenCart.BaseClass" name="@BeforeTest url" time="0.0">
    <ignored/>
  </testcase> <!-- @BeforeTest url -->
  <testcase classname="greenCart.BaseClass" name="@BeforeSuite browserInvoke" time="0.0">
    <ignored/>
  </testcase> <!-- @BeforeSuite browserInvoke -->
  <testcase classname="greenCart.BaseClass" name="@AfterSuite browserExit" time="0.0">
    <ignored/>
  </testcase> <!-- @AfterSuite browserExit -->
  <testcase classname="greenCart.BaseClass" name="@BeforeSuite browserInvoke" time="0.0">
    <ignored/>
  </testcase> <!-- @BeforeSuite browserInvoke -->
  <testcase classname="greenCart.BaseClass" name="@BeforeTest url" time="0.0">
    <ignored/>
  </testcase> <!-- @BeforeTest url -->
  <testcase classname="greenCart.BaseClass" name="@AfterSuite browserExit" time="0.0">
    <ignored/>
  </testcase> <!-- @AfterSuite browserExit -->
</testsuite> <!-- Test -->
