<?xml version="1.0" encoding="UTF-8"?>
<!-- Generated by org.testng.reporters.JUnitXMLReporter -->
<testsuite ignored="12" hostname="Arun" failures="0" tests="18" name="Test" time="9.717" errors="0" timestamp="2025-08-11T20:15:36 IST">
  <testcase classname="greenCart.Header" name="headerLink_Flashlink" time="0.875"/>
  <testcase classname="greenCart.Header" name="headerLink_FlightBooking" time="0.608"/>
  <testcase classname="greenCart.Header" name="logo" time="0.043"/>
  <testcase classname="greenCart.Header" name="search" time="0.286"/>
  <testcase classname="greenCart.Header" name="headerLink_TopDeals" time="0.495"/>
  <testcase classname="greenCart.Header" name="toCheckout" time="0.298"/>
  <testcase classname="greenCart.Footer" name="footerText" time="0.028"/>
  <testcase classname="greenCart.Footer" name="footerText_Comparasion" time="0.001"/>
  <testcase classname="greenCart.Footer" name="footerText_Comparasion" time="0.001"/>
  <testcase classname="greenCart.Footer" name="footerText_Comparasion" time="0.0"/>
  <testcase classname="greenCart.Footer" name="footerText_Comparasion" time="0.0"/>
  <testcase classname="greenCart.CheckoutPage" name="promoCode" time="5.769"/>
  <testcase classname="greenCart.CheckoutPage" name="promoCode" time="0.265"/>
  <testcase classname="greenCart.CheckoutPage" name="checkoutAction" time="0.107"/>
  <testcase classname="greenCart.OrderReview" name="agreeCheckbox" time="0.097"/>
  <testcase classname="greenCart.OrderReview" name="countrySelection" time="0.108"/>
  <testcase classname="greenCart.OrderReview" name="proceedToOrder" time="0.077"/>
  <testcase classname="greenCart.OrderReview" name="orderSucessMsg" time="0.027"/>
  <testcase classname="greenCart.BaseClass" name="@AfterSuite browserExit" time="0.0">
    <ignored/>
  </testcase> <!-- @AfterSuite browserExit -->
  <testcase classname="greenCart.BaseClass" name="@BeforeTest url" time="0.0">
    <ignored/>
  </testcase> <!-- @BeforeTest url -->
  <testcase classname="greenCart.BaseClass" name="@BeforeSuite browserInvoke" time="0.0">
    <ignored/>
  </testcase> <!-- @BeforeSuite browserInvoke -->
  <testcase classname="greenCart.BaseClass" name="@BeforeSuite browserInvoke" time="0.0">
    <ignored/>
  </testcase> <!-- @BeforeSuite browserInvoke -->
  <testcase classname="greenCart.BaseClass" name="@BeforeTest url" time="0.0">
    <ignored/>
  </testcase> <!-- @BeforeTest url -->
  <testcase classname="greenCart.BaseClass" name="@AfterSuite browserExit" time="0.0">
    <ignored/>
  </testcase> <!-- @AfterSuite browserExit -->
  <testcase classname="greenCart.BaseClass" name="@BeforeSuite browserInvoke" time="0.0">
    <ignored/>
  </testcase> <!-- @BeforeSuite browserInvoke -->
  <testcase classname="greenCart.BaseClass" name="@AfterSuite browserExit" time="0.0">
    <ignored/>
  </testcase> <!-- @AfterSuite browserExit -->
  <testcase classname="greenCart.BaseClass" name="@BeforeSuite browserInvoke" time="0.0">
    <ignored/>
  </testcase> <!-- @BeforeSuite browserInvoke -->
  <testcase classname="greenCart.BaseClass" name="@BeforeTest url" time="0.0">
    <ignored/>
  </testcase> <!-- @BeforeTest url -->
  <testcase classname="greenCart.BaseClass" name="@BeforeTest url" time="0.0">
    <ignored/>
  </testcase> <!-- @BeforeTest url -->
  <testcase classname="greenCart.BaseClass" name="@AfterSuite browserExit" time="0.0">
    <ignored/>
  </testcase> <!-- @AfterSuite browserExit -->
</testsuite> <!-- Test -->
