<?xml version="1.0" encoding="UTF-8"?>
<testsuite xmlns:xsi="http://www.w3.org/2001/XMLSchema-instance" xsi:noNamespaceSchemaLocation="https://maven.apache.org/surefire/maven-surefire-plugin/xsd/surefire-test-report.xsd" version="3.0.2" name="TestSuite" time="13.379" tests="18" errors="0" skipped="0" failures="0">
  <properties>
[...]
</properties>
  <testcase name="headerLink_Flashlink" classname="greenCart.Header" time="0.881">
    <system-out><![CDATA[Flashlink Page Title  is ==> Selenium, API Testing, Software Testing & More QA Tutorials | Rahul Shetty Academy
]]></system-out>
    <system-err><![CDATA[SLF4J(W): No SLF4J providers were found.
SLF4J(W): Defaulting to no-operation (NOP) logger implementation
SLF4J(W): See https://www.slf4j.org/codes.html#noProviders for further details.
Aug 11, 2025 8:15:26 PM org.openqa.selenium.devtools.CdpVersionFinder findNearestMatch
WARNING: Unable to find an exact match for CDP version 139, returning the closest version; found: 138; Please update to a Selenium version that supports CDP version 139
]]></system-err>
  </testcase>
  <testcase name="headerLink_FlightBooking" classname="greenCart.Header" time="0.604">
    <system-out><![CDATA[FlightBooking Page Title is ==> Selenium, API Testing, Software Testing & More QA Tutorials | Rahul Shetty Academy
]]></system-out>
  </testcase>
  <testcase name="logo" classname="greenCart.Header" time="0.045">
    <system-out><![CDATA[GREENKART
]]></system-out>
  </testcase>
  <testcase name="search" classname="greenCart.Header" time="0.284"/>
  <testcase name="headerLink_TopDeals" classname="greenCart.Header" time="0.495">
    <system-out><![CDATA[TopDeals Page Title is ==> Selenium, API Testing, Software Testing & More QA Tutorials | Rahul Shetty Academy
]]></system-out>
  </testcase>
  <testcase name="toCheckout" classname="greenCart.Header" time="0.297"/>
  <testcase name="footerText" classname="greenCart.Footer" time="0.032">
    <system-out><![CDATA[© 2019 GreenKart - buy veg and fruits online
]]></system-out>
  </testcase>
  <testcase name="footerText_Comparasion" classname="greenCart.Footer" time="0.0"/>
  <testcase name="footerText_Comparasion" classname="greenCart.Footer" time="0.0"/>
  <testcase name="footerText_Comparasion" classname="greenCart.Footer" time="0.0"/>
  <testcase name="footerText_Comparasion" classname="greenCart.Footer" time="0.0"/>
  <testcase name="promoCode[testpromo](1)" classname="greenCart.CheckoutPage" time="5.769"/>
  <testcase name="promoCode[rahulshettyacademy](2)" classname="greenCart.CheckoutPage" time="0.265"/>
  <testcase name="checkoutAction" classname="greenCart.CheckoutPage" time="0.109">
    <system-out><![CDATA[Checkout Page title is ==> GreenKart - veg and fruits kart
]]></system-out>
  </testcase>
  <testcase name="agreeCheckbox" classname="greenCart.OrderReview" time="0.096"/>
  <testcase name="countrySelection" classname="greenCart.OrderReview" time="0.108"/>
  <testcase name="proceedToOrder" classname="greenCart.OrderReview" time="0.08">
    <system-out><![CDATA[Order success Page title is ==> GreenKart - veg and fruits kart
]]></system-out>
  </testcase>
  <testcase name="orderSucessMsg" classname="greenCart.OrderReview" time="0.028">
    <system-out><![CDATA[Order Created Message ==> Thank you, your order has been placed successfully
You'll be redirected to Home page shortly!!
]]></system-out>
  </testcase>
</testsuite>