<?xml version="1.0" encoding="UTF-8"?>
<testng-results ignored="0" total="11" passed="11" failed="0" skipped="0">
  <reporter-output>
  </reporter-output>
  <suite started-at="2025-08-10T23:07:55 IST" name="Suite" finished-at="2025-08-10T23:07:58 IST" duration-ms="3016">
    <groups>
    </groups>
    <test started-at="2025-08-10T23:07:55 IST" name="Test" finished-at="2025-08-10T23:07:58 IST" duration-ms="3016">
      <class name="greenCart.BaseClass">
        <test-method is-config="true" signature="browserInvoke()[pri:0, instance:greenCart.BaseClass@6d60fe40]" started-at="2025-08-10T23:07:54 IST" name="browserInvoke" finished-at="2025-08-10T23:07:55 IST" duration-ms="1233" status="PASS">
          <reporter-output>
          </reporter-output>
        </test-method> <!-- browserInvoke -->
        <test-method is-config="true" signature="url(java.lang.String)[pri:0, instance:greenCart.BaseClass@6d60fe40]" started-at="2025-08-10T23:07:55 IST" name="url" finished-at="2025-08-10T23:07:56 IST" duration-ms="566" status="PASS">
          <params>
            <param index="0">
              <value>
                <![CDATA[https://rahulshettyacademy.com/seleniumPractise/#/]]>
              </value>
            </param>
          </params>
          <reporter-output>
          </reporter-output>
        </test-method> <!-- url -->
        <test-method is-config="true" signature="browserExit()[pri:0, instance:greenCart.BaseClass@6d60fe40]" started-at="2025-08-10T23:07:58 IST" name="browserExit" finished-at="2025-08-10T23:07:58 IST" duration-ms="340" status="PASS">
          <reporter-output>
          </reporter-output>
        </test-method> <!-- browserExit -->
      </class> <!-- greenCart.BaseClass -->
      <class name="greenCart.Footer">
        <test-method signature="footerText()[pri:0, instance:greenCart.Footer@723ca036]" started-at="2025-08-10T23:07:58 IST" name="footerText" finished-at="2025-08-10T23:07:58 IST" duration-ms="112" status="PASS">
          <reporter-output>
          </reporter-output>
        </test-method> <!-- footerText -->
        <test-method signature="footerText_Comparasion()[pri:0, instance:greenCart.Footer@723ca036]" started-at="2025-08-10T23:07:58 IST" name="footerText_Comparasion" finished-at="2025-08-10T23:07:58 IST" duration-ms="0" status="PASS">
          <reporter-output>
          </reporter-output>
        </test-method> <!-- footerText_Comparasion -->
        <test-method signature="footerText_Comparasion()[pri:0, instance:greenCart.Footer@723ca036]" started-at="2025-08-10T23:07:58 IST" name="footerText_Comparasion" finished-at="2025-08-10T23:07:58 IST" duration-ms="3" status="PASS">
          <reporter-output>
          </reporter-output>
        </test-method> <!-- footerText_Comparasion -->
        <test-method signature="footerText_Comparasion()[pri:0, instance:greenCart.Footer@723ca036]" started-at="2025-08-10T23:07:58 IST" name="footerText_Comparasion" finished-at="2025-08-10T23:07:58 IST" duration-ms="2" status="PASS">
          <reporter-output>
          </reporter-output>
        </test-method> <!-- footerText_Comparasion -->
        <test-method signature="footerText_Comparasion()[pri:0, instance:greenCart.Footer@723ca036]" started-at="2025-08-10T23:07:58 IST" name="footerText_Comparasion" finished-at="2025-08-10T23:07:58 IST" duration-ms="2" status="PASS">
          <reporter-output>
          </reporter-output>
        </test-method> <!-- footerText_Comparasion -->
      </class> <!-- greenCart.Footer -->
      <class name="greenCart.GreenCart_Header">
        <test-method signature="cart()[pri:0, instance:greenCart.GreenCart_Header@304bb45b]" started-at="2025-08-10T23:07:56 IST" name="cart" finished-at="2025-08-10T23:07:56 IST" duration-ms="5" status="PASS">
          <reporter-output>
          </reporter-output>
        </test-method> <!-- cart -->
        <test-method signature="logo()[pri:0, instance:greenCart.GreenCart_Header@304bb45b]" started-at="2025-08-10T23:07:56 IST" name="logo" finished-at="2025-08-10T23:07:56 IST" duration-ms="33" status="PASS">
          <reporter-output>
          </reporter-output>
        </test-method> <!-- logo -->
        <test-method signature="search()[pri:0, instance:greenCart.GreenCart_Header@304bb45b]" started-at="2025-08-10T23:07:56 IST" name="search" finished-at="2025-08-10T23:07:56 IST" duration-ms="308" status="PASS">
          <reporter-output>
          </reporter-output>
        </test-method> <!-- search -->
        <test-method signature="headerLink_Flashlink()[pri:2, instance:greenCart.GreenCart_Header@304bb45b]" started-at="2025-08-10T23:07:56 IST" name="headerLink_Flashlink" finished-at="2025-08-10T23:07:57 IST" duration-ms="1012" status="PASS">
          <reporter-output>
          </reporter-output>
        </test-method> <!-- headerLink_Flashlink -->
        <test-method signature="headerLink_FlightBooking()[pri:2, instance:greenCart.GreenCart_Header@304bb45b]" started-at="2025-08-10T23:07:57 IST" name="headerLink_FlightBooking" finished-at="2025-08-10T23:07:58 IST" duration-ms="547" status="PASS">
          <reporter-output>
          </reporter-output>
        </test-method> <!-- headerLink_FlightBooking -->
        <test-method signature="headerLink_TopDeals()[pri:2, instance:greenCart.GreenCart_Header@304bb45b]" started-at="2025-08-10T23:07:58 IST" name="headerLink_TopDeals" finished-at="2025-08-10T23:07:58 IST" duration-ms="363" status="PASS">
          <reporter-output>
          </reporter-output>
        </test-method> <!-- headerLink_TopDeals -->
      </class> <!-- greenCart.GreenCart_Header -->
    </test> <!-- Test -->
  </suite> <!-- Suite -->
</testng-results>
